# JRE version: Java(TM) SE Runtime Environment (17.0.10+11) (build 17.0.10+11-LTS-240)
# Java VM: Java HotSpot(TM) 64-Bit Server VM (17.0.10+11-LTS-240, mixed mode, sharing, tiered, compressed oops, compressed class ptrs, g1 gc, windows-amd64)
GC Precious Log:
 CPUs: 8 total, 8 available
 Memory: 16304M
 Large Page Support: Disabled
 NUMA Support: Disabled
 Compressed Oops: Enabled (Zero based)
 Heap Region Size: 2M
 Heap Min Capacity: 8M
 Heap Initial Capacity: 256M
 Heap Max Capacity: 4078M
 Pre-touch: Disabled
 Parallel Workers: 8
 Concurrent Workers: 2
 Concurrent Refinement Workers: 8
 Periodic GC: Disabled
Heap:
 garbage-first heap   total 141312K, used 71597K [0x0000000701200000, 0x0000000800000000)
  region size 2048K, 2 young (4096K), 2 survivors (4096K)
 Metaspace       used 34842K, committed 35200K, reserved 1114112K
  class space    used 3931K, committed 4096K, reserved 1048576K
GC Heap History (20 events):
Event: 4.133 GC heap after
{Heap after GC invocations=4 (full 0):
 garbage-first heap   total 262144K, used 27506K [0x0000000701200000, 0x0000000800000000)
  region size 2048K, 3 young (6144K), 3 survivors (6144K)
 Metaspace       used 21222K, committed 21504K, reserved 1114112K
  class space    used 2472K, committed 2624K, reserved 1048576K
}
Event: 5.108 GC heap before
{Heap before GC invocations=5 (full 0):
 garbage-first heap   total 102400K, used 78706K [0x0000000701200000, 0x0000000800000000)
  region size 2048K, 30 young (61440K), 3 survivors (6144K)
 Metaspace       used 26273K, committed 26560K, reserved 1114112K
  class space    used 3026K, committed 3136K, reserved 1048576K
}
Event: 5.124 GC heap after
{Heap after GC invocations=6 (full 0):
 garbage-first heap   total 108544K, used 44365K [0x0000000701200000, 0x0000000800000000)
  region size 2048K, 10 young (20480K), 10 survivors (20480K)
 Metaspace       used 26273K, committed 26560K, reserved 1114112K
  class space    used 3026K, committed 3136K, reserved 1048576K
}
Event: 5.862 GC heap before
{Heap before GC invocations=6 (full 0):
 garbage-first heap   total 108544K, used 73037K [0x0000000701200000, 0x0000000800000000)
  region size 2048K, 25 young (51200K), 10 survivors (20480K)
 Metaspace       used 27648K, committed 28032K, reserved 1114112K
  class space    used 3160K, committed 3328K, reserved 1048576K
}
Event: 5.881 GC heap after
{Heap after GC invocations=7 (full 0):
 garbage-first heap   total 108544K, used 48651K [0x0000000701200000, 0x0000000800000000)
  region size 2048K, 2 young (4096K), 2 survivors (4096K)
 Metaspace       used 27648K, committed 28032K, reserved 1114112K
  class space    used 3160K, committed 3328K, reserved 1048576K
}
Event: 6.388 GC heap before
{Heap before GC invocations=7 (full 0):
 garbage-first heap   total 108544K, used 77323K [0x0000000701200000, 0x0000000800000000)
  region size 2048K, 17 young (34816K), 2 survivors (4096K)
 Metaspace       used 29009K, committed 29376K, reserved 1114112K
  class space    used 3310K, committed 3456K, reserved 1048576K
}
Event: 6.400 GC heap after
{Heap after GC invocations=8 (full 0):
 garbage-first heap   total 108544K, used 48651K [0x0000000701200000, 0x0000000800000000)
  region size 2048K, 2 young (4096K), 2 survivors (4096K)
 Metaspace       used 29009K, committed 29376K, reserved 1114112K
  class space    used 3310K, committed 3456K, reserved 1048576K
}
Event: 6.800 GC heap before
{Heap before GC invocations=8 (full 0):
 garbage-first heap   total 108544K, used 81419K [0x0000000701200000, 0x0000000800000000)
  region size 2048K, 18 young (36864K), 2 survivors (4096K)
 Metaspace       used 30187K, committed 30528K, reserved 1114112K
  class space    used 3442K, committed 3584K, reserved 1048576K
}
Event: 6.810 GC heap after
{Heap after GC invocations=9 (full 0):
 garbage-first heap   total 108544K, used 49090K [0x0000000701200000, 0x0000000800000000)
  region size 2048K, 1 young (2048K), 1 survivors (2048K)
 Metaspace       used 30187K, committed 30528K, reserved 1114112K
  class space    used 3442K, committed 3584K, reserved 1048576K
}
Event: 7.371 GC heap before
{Heap before GC invocations=9 (full 0):
 garbage-first heap   total 108544K, used 71618K [0x0000000701200000, 0x0000000800000000)
  region size 2048K, 13 young (26624K), 1 survivors (2048K)
 Metaspace       used 31169K, committed 31616K, reserved 1114112K
  class space    used 3550K, committed 3776K, reserved 1048576K
}
Event: 7.384 GC heap after
{Heap after GC invocations=10 (full 0):
 garbage-first heap   total 131072K, used 51456K [0x0000000701200000, 0x0000000800000000)
  region size 2048K, 2 young (4096K), 2 survivors (4096K)
 Metaspace       used 31169K, committed 31616K, reserved 1114112K
  class space    used 3550K, committed 3776K, reserved 1048576K
}
Event: 7.876 GC heap before
{Heap before GC invocations=10 (full 0):
 garbage-first heap   total 131072K, used 96512K [0x0000000701200000, 0x0000000800000000)
  region size 2048K, 24 young (49152K), 2 survivors (4096K)
 Metaspace       used 31244K, committed 31680K, reserved 1114112K
  class space    used 3550K, committed 3776K, reserved 1048576K
}
Event: 7.893 GC heap after
{Heap after GC invocations=11 (full 0):
 garbage-first heap   total 131072K, used 76348K [0x0000000701200000, 0x0000000800000000)
  region size 2048K, 3 young (6144K), 3 survivors (6144K)
 Metaspace       used 31244K, committed 31680K, reserved 1114112K
  class space    used 3550K, committed 3776K, reserved 1048576K
}
Event: 8.287 GC heap before
{Heap before GC invocations=11 (full 0):
 garbage-first heap   total 131072K, used 98876K [0x0000000701200000, 0x0000000800000000)
  region size 2048K, 14 young (28672K), 3 survivors (6144K)
 Metaspace       used 31837K, committed 32320K, reserved 1114112K
  class space    used 3629K, committed 3840K, reserved 1048576K
}
Event: 8.294 GC heap after
{Heap after GC invocations=12 (full 0):
 garbage-first heap   total 131072K, used 79477K [0x0000000701200000, 0x0000000800000000)
  region size 2048K, 2 young (4096K), 2 survivors (4096K)
 Metaspace       used 31837K, committed 32320K, reserved 1114112K
  class space    used 3629K, committed 3840K, reserved 1048576K
}
Event: 8.841 GC heap before
{Heap before GC invocations=13 (full 0):
 garbage-first heap   total 141312K, used 102005K [0x0000000701200000, 0x0000000800000000)
  region size 2048K, 13 young (26624K), 2 survivors (4096K)
 Metaspace       used 32646K, committed 33088K, reserved 1114112K
  class space    used 3720K, committed 3968K, reserved 1048576K
}
Event: 8.846 GC heap after
{Heap after GC invocations=14 (full 0):
 garbage-first heap   total 141312K, used 79519K [0x0000000701200000, 0x0000000800000000)
  region size 2048K, 2 young (4096K), 2 survivors (4096K)
 Metaspace       used 32646K, committed 33088K, reserved 1114112K
  class space    used 3720K, committed 3968K, reserved 1048576K
}
Event: 8.860 GC heap before
{Heap before GC invocations=14 (full 0):
 garbage-first heap   total 141312K, used 81567K [0x0000000701200000, 0x0000000800000000)
  region size 2048K, 3 young (6144K), 2 survivors (4096K)
 Metaspace       used 32652K, committed 33152K, reserved 1114112K
  class space    used 3720K, committed 3968K, reserved 1048576K
}
Event: 8.866 GC heap after
{Heap after GC invocations=15 (full 0):
 garbage-first heap   total 141312K, used 69782K [0x0000000701200000, 0x0000000800000000)
  region size 2048K, 1 young (2048K), 1 survivors (2048K)
 Metaspace       used 32652K, committed 33152K, reserved 1114112K
  class space    used 3720K, committed 3968K, reserved 1048576K
}
Event: 9.419 GC heap before
{Heap before GC invocations=15 (full 0):
 garbage-first heap   total 141312K, used 104598K [0x0000000701200000, 0x0000000800000000)
  region size 2048K, 18 young (36864K), 1 survivors (2048K)
 Metaspace       used 34842K, committed 35200K, reserved 1114112K
  class space    used 3931K, committed 4096K, reserved 1048576K
}

